# JRE version: Java(TM) SE Runtime Environment (8.0_05-b13) (build 1.8.0_05-b13)
# Java VM: Java HotSpot(TM) 64-Bit Server VM (25.5-b02 mixed mode windows-amd64 compressed oops)
Heap:
 PSYoungGen      total 267776K, used 137456K [0x00000000eab00000, 0x0000000100000000, 0x0000000100000000)
  eden space 214528K, 39% used [0x00000000eab00000,0x00000000efdabee0,0x00000000f7c80000)
  from space 53248K, 99% used [0x00000000f7c80000,0x00000000fb010480,0x00000000fb080000)
  to   space 68608K, 0% used [0x00000000fbd00000,0x00000000fbd00000,0x0000000100000000)
 ParOldGen       total 303616K, used 272346K [0x00000000c0000000, 0x00000000d2880000, 0x00000000eab00000)
  object space 303616K, 89% used [0x00000000c0000000,0x00000000d09f6980,0x00000000d2880000)
 Metaspace       used 111510K, capacity 122818K, committed 123100K, reserved 1157120K
  class space    used 12764K, capacity 15990K, committed 16128K, reserved 1048576K
GC Heap History (10 events):
Event: 28734.357 GC heap before
{Heap before GC invocations=987 (full 24):
 PSYoungGen      total 285184K, used 267213K [0x00000000eab00000, 0x0000000100000000, 0x0000000100000000)
  eden space 221184K, 100% used [0x00000000eab00000,0x00000000f8300000,0x00000000f8300000)
  from space 64000K, 71% used [0x00000000fc180000,0x00000000fee73598,0x0000000100000000)
  to   space 64000K, 0% used [0x00000000f8300000,0x00000000f8300000,0x00000000fc180000)
 ParOldGen       total 303616K, used 272346K [0x00000000c0000000, 0x00000000d2880000, 0x00000000eab00000)
  object space 303616K, 89% used [0x00000000c0000000,0x00000000d09f6980,0x00000000d2880000)
 Metaspace       used 111509K, capacity 122818K, committed 123100K, reserved 1157120K
  class space    used 12764K, capacity 15990K, committed 16128K, reserved 1048576K
Event: 28734.375 GC heap after
Heap after GC invocations=987 (full 24):
 PSYoungGen      total 285184K, used 46740K [0x00000000eab00000, 0x0000000100000000, 0x0000000100000000)
  eden space 221184K, 0% used [0x00000000eab00000,0x00000000eab00000,0x00000000f8300000)
  from space 64000K, 73% used [0x00000000f8300000,0x00000000fb0a5310,0x00000000fc180000)
  to   space 64000K, 0% used [0x00000000fc180000,0x00000000fc180000,0x0000000100000000)
 ParOldGen       total 303616K, used 272346K [0x00000000c0000000, 0x00000000d2880000, 0x00000000eab00000)
  object space 303616K, 89% used [0x00000000c0000000,0x00000000d09f6980,0x00000000d2880000)
 Metaspace       used 111509K, capacity 122818K, committed 123100K, reserved 1157120K
  class space    used 12764K, capacity 15990K, committed 16128K, reserved 1048576K
}
Event: 28763.193 GC heap before
{Heap before GC invocations=988 (full 24):
 PSYoungGen      total 285184K, used 267924K [0x00000000eab00000, 0x0000000100000000, 0x0000000100000000)
  eden space 221184K, 100% used [0x00000000eab00000,0x00000000f8300000,0x00000000f8300000)
  from space 64000K, 73% used [0x00000000f8300000,0x00000000fb0a5310,0x00000000fc180000)
  to   space 64000K, 0% used [0x00000000fc180000,0x00000000fc180000,0x0000000100000000)
 ParOldGen       total 303616K, used 272346K [0x00000000c0000000, 0x00000000d2880000, 0x00000000eab00000)
  object space 303616K, 89% used [0x00000000c0000000,0x00000000d09f6980,0x00000000d2880000)
 Metaspace       used 111509K, capacity 122818K, committed 123100K, reserved 1157120K
  class space    used 12764K, capacity 15990K, committed 16128K, reserved 1048576K
Event: 28763.210 GC heap after
Heap after GC invocations=988 (full 24):
 PSYoungGen      total 282112K, used 51214K [0x00000000eab00000, 0x0000000100000000, 0x0000000100000000)
  eden space 218112K, 0% used [0x00000000eab00000,0x00000000eab00000,0x00000000f8000000)
  from space 64000K, 80% used [0x00000000fc180000,0x00000000ff3838f8,0x0000000100000000)
  to   space 65536K, 0% used [0x00000000f8000000,0x00000000f8000000,0x00000000fc000000)
 ParOldGen       total 303616K, used 272346K [0x00000000c0000000, 0x00000000d2880000, 0x00000000eab00000)
  object space 303616K, 89% used [0x00000000c0000000,0x00000000d09f6980,0x00000000d2880000)
 Metaspace       used 111509K, capacity 122818K, committed 123100K, reserved 1157120K
  class space    used 12764K, capacity 15990K, committed 16128K, reserved 1048576K
}
Event: 28847.611 GC heap before
{Heap before GC invocations=989 (full 24):
 PSYoungGen      total 282112K, used 269326K [0x00000000eab00000, 0x0000000100000000, 0x0000000100000000)
  eden space 218112K, 100% used [0x00000000eab00000,0x00000000f8000000,0x00000000f8000000)
  from space 64000K, 80% used [0x00000000fc180000,0x00000000ff3838f8,0x0000000100000000)
  to   space 65536K, 0% used [0x00000000f8000000,0x00000000f8000000,0x00000000fc000000)
 ParOldGen       total 303616K, used 272346K [0x00000000c0000000, 0x00000000d2880000, 0x00000000eab00000)
  object space 303616K, 89% used [0x00000000c0000000,0x00000000d09f6980,0x00000000d2880000)
 Metaspace       used 111509K, capacity 122818K, committed 123100K, reserved 1157120K
  class space    used 12764K, capacity 15990K, committed 16128K, reserved 1048576K
Event: 28847.628 GC heap after
Heap after GC invocations=989 (full 24):
 PSYoungGen      total 271872K, used 53547K [0x00000000eab00000, 0x0000000100000000, 0x0000000100000000)
  eden space 218112K, 0% used [0x00000000eab00000,0x00000000eab00000,0x00000000f8000000)
  from space 53760K, 99% used [0x00000000f8000000,0x00000000fb44af98,0x00000000fb480000)
  to   space 67584K, 0% used [0x00000000fbe00000,0x00000000fbe00000,0x0000000100000000)
 ParOldGen       total 303616K, used 272346K [0x00000000c0000000, 0x00000000d2880000, 0x00000000eab00000)
  object space 303616K, 89% used [0x00000000c0000000,0x00000000d09f6980,0x00000000d2880000)
 Metaspace       used 111509K, capacity 122818K, committed 123100K, reserved 1157120K
  class space    used 12764K, capacity 15990K, committed 16128K, reserved 1048576K
}
Event: 29278.964 GC heap before
{Heap before GC invocations=990 (full 24):
 PSYoungGen      total 271872K, used 271659K [0x00000000eab00000, 0x0000000100000000, 0x0000000100000000)
  eden space 218112K, 100% used [0x00000000eab00000,0x00000000f8000000,0x00000000f8000000)
  from space 53760K, 99% used [0x00000000f8000000,0x00000000fb44af98,0x00000000fb480000)
  to   space 67584K, 0% used [0x00000000fbe00000,0x00000000fbe00000,0x0000000100000000)
 ParOldGen       total 303616K, used 272346K [0x00000000c0000000, 0x00000000d2880000, 0x00000000eab00000)
  object space 303616K, 89% used [0x00000000c0000000,0x00000000d09f6980,0x00000000d2880000)
 Metaspace       used 111510K, capacity 122818K, committed 123100K, reserved 1157120K
  class space    used 12764K, capacity 15990K, committed 16128K, reserved 1048576K
Event: 29278.980 GC heap after
Heap after GC invocations=990 (full 24):
 PSYoungGen      total 282112K, used 48998K [0x00000000eab00000, 0x0000000100000000, 0x0000000100000000)
  eden space 214528K, 0% used [0x00000000eab00000,0x00000000eab00000,0x00000000f7c80000)
  from space 67584K, 72% used [0x00000000fbe00000,0x00000000fedd9ab8,0x0000000100000000)
  to   space 67072K, 0% used [0x00000000f7c80000,0x00000000f7c80000,0x00000000fbe00000)
 ParOldGen       total 303616K, used 272346K [0x00000000c0000000, 0x00000000d2880000, 0x00000000eab00000)
  object space 303616K, 89% used [0x00000000c0000000,0x00000000d09f6980,0x00000000d2880000)
 Metaspace       used 111510K, capacity 122818K, committed 123100K, reserved 1157120K
  class space    used 12764K, capacity 15990K, committed 16128K, reserved 1048576K
}
Event: 29298.129 GC heap before
{Heap before GC invocations=991 (full 24):
 PSYoungGen      total 282112K, used 263526K [0x00000000eab00000, 0x0000000100000000, 0x0000000100000000)
  eden space 214528K, 100% used [0x00000000eab00000,0x00000000f7c80000,0x00000000f7c80000)
  from space 67584K, 72% used [0x00000000fbe00000,0x00000000fedd9ab8,0x0000000100000000)
  to   space 67072K, 0% used [0x00000000f7c80000,0x00000000f7c80000,0x00000000fbe00000)
 ParOldGen       total 303616K, used 272346K [0x00000000c0000000, 0x00000000d2880000, 0x00000000eab00000)
  object space 303616K, 89% used [0x00000000c0000000,0x00000000d09f6980,0x00000000d2880000)
 Metaspace       used 111510K, capacity 122818K, committed 123100K, reserved 1157120K
  class space    used 12764K, capacity 15990K, committed 16128K, reserved 1048576K
Event: 29298.145 GC heap after
Heap after GC invocations=991 (full 24):
 PSYoungGen      total 267776K, used 52801K [0x00000000eab00000, 0x0000000100000000, 0x0000000100000000)
  eden space 214528K, 0% used [0x00000000eab00000,0x00000000eab00000,0x00000000f7c80000)
  from space 53248K, 99% used [0x00000000f7c80000,0x00000000fb010480,0x00000000fb080000)
  to   space 68608K, 0% used [0x00000000fbd00000,0x00000000fbd00000,0x0000000100000000)
 ParOldGen       total 303616K, used 272346K [0x00000000c0000000, 0x00000000d2880000, 0x00000000eab00000)
  object space 303616K, 89% used [0x00000000c0000000,0x00000000d09f6980,0x00000000d2880000)
 Metaspace       used 111510K, capacity 122818K, committed 123100K, reserved 1157120K
  class space    used 12764K, capacity 15990K, committed 16128K, reserved 1048576K
}

